<?xml version="1.0" encoding="UTF-8"?>
<testsuite name="lab1.BookingTest" tests="5" skipped="0" failures="0" errors="0" timestamp="2024-10-04T13:27:32" hostname="MacBook-Air-Andrej.local" time="0.014">
  <properties/>
  <testcase name="testToString[0](Booking{room=Room{type='Deluxe', numberOfBeds=2, roomNumber=101, amenities='WiFi, Air Conditioning'}, customer=Customer{lastName='Doe', firstName='John', documentId='12345', birthDate='1990-01-01'}, startDate='2024-01-01', endDate='2024-01-10', isPaid=true}, Booking{room=Room{type='Deluxe', numberOfBeds=2, roomNumber=101, amenities='WiFi, Air Conditioning'}, customer=Customer{lastName='Doe', firstName='John', documentId='12345', birthDate='1990-01-01'}, startDate='2024-01-01', endDate='2024-01-10', isPaid=true})" classname="lab1.BookingTest" time="0.008"/>
  <testcase name="testequals[0](Booking{room=Room{type='Deluxe', numberOfBeds=2, roomNumber=101, amenities='WiFi, Air Conditioning'}, customer=Customer{lastName='Doe', firstName='John', documentId='12345', birthDate='1990-01-01'}, startDate='2024-01-01', endDate='2024-01-10', isPaid=true}, Booking{room=Room{type='Deluxe', numberOfBeds=2, roomNumber=102, amenities='WiFi, Air Conditioning'}, customer=Customer{lastName='Doe', firstName='Jane', documentId='12345', birthDate='1990-01-01'}, startDate='2024-01-01', endDate='2024-01-10', isPaid=true}, false)" classname="lab1.BookingTest" time="0.001"/>
  <testcase name="testequals[1](Booking{room=Room{type='Deluxe', numberOfBeds=2, roomNumber=101, amenities='WiFi, Air Conditioning'}, customer=Customer{lastName='Doe', firstName='John', documentId='12345', birthDate='1990-01-01'}, startDate='2024-01-01', endDate='2024-01-10', isPaid=true}, Booking{room=Room{type='Deluxe', numberOfBeds=2, roomNumber=101, amenities='WiFi, Air Conditioning'}, customer=Customer{lastName='Doe', firstName='John', documentId='123456', birthDate='1990-01-01'}, startDate='2024-01-01', endDate='2024-01-10', isPaid=true}, true)" classname="lab1.BookingTest" time="0.0"/>
  <testcase name="testhash[0](Booking{room=Room{type='Deluxe', numberOfBeds=2, roomNumber=101, amenities='WiFi, Air Conditioning'}, customer=Customer{lastName='Doe', firstName='John', documentId='12345', birthDate='1990-01-01'}, startDate='2024-01-01', endDate='2024-01-10', isPaid=true}, Booking{room=Room{type='Deluxe', numberOfBeds=2, roomNumber=102, amenities='WiFi, Air Conditioning'}, customer=Customer{lastName='Doe', firstName='Jane', documentId='12345', birthDate='1990-01-01'}, startDate='2024-01-01', endDate='2024-01-10', isPaid=true}, false)" classname="lab1.BookingTest" time="0.0"/>
  <testcase name="testhash[1](Booking{room=Room{type='Deluxe', numberOfBeds=2, roomNumber=101, amenities='WiFi, Air Conditioning'}, customer=Customer{lastName='Doe', firstName='John', documentId='12345', birthDate='1990-01-01'}, startDate='2024-01-01', endDate='2024-01-10', isPaid=true}, Booking{room=Room{type='Deluxe', numberOfBeds=2, roomNumber=101, amenities='WiFi, Air Conditioning'}, customer=Customer{lastName='Doe', firstName='John', documentId='123456', birthDate='1990-01-01'}, startDate='2024-01-01', endDate='2024-01-10', isPaid=true}, true)" classname="lab1.BookingTest" time="0.0"/>
  <system-out><![CDATA[]]></system-out>
  <system-err><![CDATA[]]></system-err>
</testsuite>
