<?xml version="1.0" encoding="UTF-8"?>
<testsuite name="lab2.CustomerTest" tests="5" skipped="0" failures="0" errors="0" timestamp="2024-10-18T10:49:57" hostname="MacBook-Air-Andrej.local" time="0.005">
  <properties/>
  <testcase name="testEquals[0](Customer{lastName='Doe', firstName='John', documentId='12345', birthDate='1990-01-01'}, Customer{lastName='Doe', firstName='John', documentId='12345', birthDate='1990-01-01'}, true)" classname="lab2.CustomerTest" time="0.0"/>
  <testcase name="testEquals[1](Customer{lastName='Doe', firstName='Jane', documentId='12346', birthDate='1990-01-01'}, Customer{lastName='Doe', firstName='John', documentId='12345', birthDate='1990-01-01'}, false)" classname="lab2.CustomerTest" time="0.0"/>
  <testcase name="testHashCode[0](Customer{lastName='Doe', firstName='John', documentId='12345', birthDate='1990-01-01'}, Customer{lastName='Doe', firstName='John', documentId='12345', birthDate='1990-01-01'}, true)" classname="lab2.CustomerTest" time="0.001"/>
  <testcase name="testHashCode[1](Customer{lastName='Doe', firstName='Jane', documentId='12346', birthDate='1990-01-01'}, Customer{lastName='Doe', firstName='John', documentId='12345', birthDate='1990-01-01'}, false)" classname="lab2.CustomerTest" time="0.0"/>
  <testcase name="testToString[0](Customer{lastName='Doe', firstName='John', documentId='12345', birthDate='1990-01-01'}, Customer{lastName='Doe', firstName='John', documentId='12345', birthDate='1990-01-01'})" classname="lab2.CustomerTest" time="0.0"/>
  <system-out><![CDATA[]]></system-out>
  <system-err><![CDATA[]]></system-err>
</testsuite>
