<?xml version="1.0" encoding="UTF-8"?>
<testsuite name="lab3.YAMLSerializerTest" tests="7" skipped="0" failures="0" errors="0" timestamp="2024-11-01T11:58:48" hostname="MacBook-Air-Andrej.local" time="0.066">
  <properties/>
  <testcase name="deserializeList" classname="lab3.YAMLSerializerTest" time="0.038"/>
  <testcase name="deserializeSingleObject" classname="lab3.YAMLSerializerTest" time="0.001"/>
  <testcase name="readFromFileMultipleCustomers" classname="lab3.YAMLSerializerTest" time="0.003"/>
  <testcase name="serializeList" classname="lab3.YAMLSerializerTest" time="0.013"/>
  <testcase name="serializeSingleObject" classname="lab3.YAMLSerializerTest" time="0.001"/>
  <testcase name="writeListToFile" classname="lab3.YAMLSerializerTest" time="0.005"/>
  <testcase name="writeToFile" classname="lab3.YAMLSerializerTest" time="0.002"/>
  <system-out><![CDATA[]]></system-out>
  <system-err><![CDATA[]]></system-err>
</testsuite>
